<?xml version="1.0" encoding="UTF-8"?>
<!-- Generated by org.testng.reporters.JUnitXMLReporter -->
<testsuite hostname="DESKTOP-DR9DKED" name="Test" tests="1" failures="0" timestamp="25 Nov 2020 06:37:27 GMT" time="0.106" errors="0">
  <testcase name="@BeforeSuite openbrowser" time="0.0" classname="com.automation.GuruBank.Scripts.Login">
    <failure type="org.testng.TestNGException" message="
Method openbrowser requires 1 parameters but 0 were supplied in the @Configuration annotation.">
      <![CDATA[org.testng.TestNGException: 
Method openbrowser requires 1 parameters but 0 were supplied in the @Configuration annotation.
... Removed 16 stack frames]]>
    </failure>
  </testcase> <!-- @BeforeSuite openbrowser -->
  <testcase name="@BeforeTest init" time="0.0" classname="com.automation.GuruBank.Scripts.Login">
    <skipped/>
  </testcase> <!-- @BeforeTest init -->
  <testcase name="login" time="0.013" classname="com.automation.GuruBank.Scripts.Login">
    <skipped/>
  </testcase> <!-- login -->
</testsuite> <!-- Test -->
